[debug] [2023-11-20T07:09:06.223Z] ----------------------------------------------------------------------
[debug] [2023-11-20T07:09:06.226Z] Command:       C:\Program Files\nodejs\node.exe C:\Users\10700643\AppData\Roaming\npm\node_modules\firebase-tools\lib\bin\firebase.js init
[debug] [2023-11-20T07:09:06.226Z] CLI Version:   12.9.1
[debug] [2023-11-20T07:09:06.226Z] Platform:      win32
[debug] [2023-11-20T07:09:06.226Z] Node Version:  v18.18.0
[debug] [2023-11-20T07:09:06.227Z] Time:          Mon Nov 20 2023 12:39:06 GMT+0530 (India Standard Time)
[debug] [2023-11-20T07:09:06.227Z] ----------------------------------------------------------------------
[debug] 
[debug] [2023-11-20T07:09:06.233Z] > command requires scopes: ["email","openid","https://www.googleapis.com/auth/cloudplatformprojects.readonly","https://www.googleapis.com/auth/firebase","https://www.googleapis.com/auth/cloud-platform"]
[debug] [2023-11-20T07:09:06.233Z] > authorizing via signed-in user (rupeshnagare07@gmail.com)
[info] 
     ######## #### ########  ######## ########     ###     ######  ########
     ##        ##  ##     ## ##       ##     ##  ##   ##  ##       ##
     ######    ##  ########  ######   ########  #########  ######  ######
     ##        ##  ##    ##  ##       ##     ## ##     ##       ## ##
     ##       #### ##     ## ######## ########  ##     ##  ######  ########

You're about to initialize a Firebase project in this directory:

  C:\workSpace\BloggingApp

Before we get started, keep in mind:

  * You are currently outside your home directory

[info] 
=== Project Setup
[info] 
[info] First, let's associate this project directory with a Firebase project.
[info] You can create multiple project aliases by running firebase use --add, 
[info] but for now we'll just set up a default project.
[info] 
[debug] [2023-11-20T07:09:35.665Z] >>> [apiv2][query] GET https://firebase.googleapis.com/v1beta1/projects pageSize=100
[debug] [2023-11-20T07:09:36.674Z] <<< [apiv2][status] GET https://firebase.googleapis.com/v1beta1/projects 200
[debug] [2023-11-20T07:09:36.674Z] <<< [apiv2][body] GET https://firebase.googleapis.com/v1beta1/projects [omitted]
[info] i  Using project blogging-application-403805 (Blogging Application) 
[info] 
=== Database Setup
[info] i  database: ensuring required API firebasedatabase.googleapis.com is enabled... 
[debug] [2023-11-20T07:09:45.027Z] >>> [apiv2][query] GET https://serviceusage.googleapis.com/v1/projects/blogging-application-403805/services/firebasedatabase.googleapis.com [none]
[debug] [2023-11-20T07:09:45.027Z] >>> [apiv2][(partial)header] GET https://serviceusage.googleapis.com/v1/projects/blogging-application-403805/services/firebasedatabase.googleapis.com x-goog-quota-user=projects/blogging-application-403805
[debug] [2023-11-20T07:09:47.101Z] <<< [apiv2][status] GET https://serviceusage.googleapis.com/v1/projects/blogging-application-403805/services/firebasedatabase.googleapis.com 200
[debug] [2023-11-20T07:09:47.101Z] <<< [apiv2][body] GET https://serviceusage.googleapis.com/v1/projects/blogging-application-403805/services/firebasedatabase.googleapis.com [omitted]
[info] +  database: required API firebasedatabase.googleapis.com is enabled 
[info] 
[debug] [2023-11-20T07:09:47.102Z] >>> [apiv2][query] GET https://firebase.googleapis.com/v1beta1/projects/blogging-application-403805 [none]
[debug] [2023-11-20T07:09:47.690Z] <<< [apiv2][status] GET https://firebase.googleapis.com/v1beta1/projects/blogging-application-403805 200
[debug] [2023-11-20T07:09:47.691Z] <<< [apiv2][body] GET https://firebase.googleapis.com/v1beta1/projects/blogging-application-403805 {"projectId":"blogging-application-403805","projectNumber":"670627714222","displayName":"Blogging Application","name":"projects/blogging-application-403805","resources":{"hostingSite":"blogging-application-403805"},"state":"ACTIVE","etag":"1_a0b68a41-f9cb-4196-86a3-780ead01cfbf"}
[debug] [2023-11-20T07:09:54.789Z] >>> [apiv2][query] POST https://firebasedatabase.googleapis.com/v1beta/projects/blogging-application-403805/locations/us-central1/instances databaseId=blogging-application-403805-default-rtdb&validateOnly=true
[debug] [2023-11-20T07:09:54.789Z] >>> [apiv2][body] POST https://firebasedatabase.googleapis.com/v1beta/projects/blogging-application-403805/locations/us-central1/instances {"type":"default_database"}
[debug] [2023-11-20T07:09:57.006Z] <<< [apiv2][status] POST https://firebasedatabase.googleapis.com/v1beta/projects/blogging-application-403805/locations/us-central1/instances 200
[debug] [2023-11-20T07:09:57.006Z] <<< [apiv2][body] POST https://firebasedatabase.googleapis.com/v1beta/projects/blogging-application-403805/locations/us-central1/instances {"name":"projects/670627714222/locations/us-central1/instances/blogging-application-403805-default-rtdb","project":"projects/670627714222","databaseUrl":"https://blogging-application-403805-default-rtdb.firebaseio.com","type":"DEFAULT_DATABASE","state":"ACTIVE"}
[debug] [2023-11-20T07:09:57.008Z] >>> [apiv2][query] POST https://firebasedatabase.googleapis.com/v1beta/projects/blogging-application-403805/locations/us-central1/instances databaseId=blogging-application-403805-default-rtdb
[debug] [2023-11-20T07:09:57.008Z] >>> [apiv2][body] POST https://firebasedatabase.googleapis.com/v1beta/projects/blogging-application-403805/locations/us-central1/instances {"type":"default_database"}
[debug] [2023-11-20T07:09:59.478Z] <<< [apiv2][status] POST https://firebasedatabase.googleapis.com/v1beta/projects/blogging-application-403805/locations/us-central1/instances 200
[debug] [2023-11-20T07:09:59.478Z] <<< [apiv2][body] POST https://firebasedatabase.googleapis.com/v1beta/projects/blogging-application-403805/locations/us-central1/instances {"name":"projects/670627714222/locations/us-central1/instances/blogging-application-403805-default-rtdb","project":"projects/670627714222","databaseUrl":"https://blogging-application-403805-default-rtdb.firebaseio.com","type":"DEFAULT_DATABASE","state":"ACTIVE"}
[info] 
[info] Firebase Realtime Database Security Rules allow you to define how your data should be
[info] structured and when your data can be read from and written to.
[info] 
[debug] [2023-11-20T07:10:21.240Z] >>> [apiv2][query] GET https://blogging-application-403805-default-rtdb.firebaseio.com/.settings/rules.json [none]
[debug] [2023-11-20T07:10:25.830Z] <<< [apiv2][status] GET https://blogging-application-403805-default-rtdb.firebaseio.com/.settings/rules.json 200
[debug] [2023-11-20T07:10:25.831Z] <<< [apiv2][body] GET https://blogging-application-403805-default-rtdb.firebaseio.com/.settings/rules.json [stream]
[info] +  Database Rules for blogging-application-403805-default-rtdb have been written to database.rules.json. 
[info] Future modifications to database.rules.json will update Realtime Database Security Rules when you run
[info] firebase deploy.
[info] 
=== Firestore Setup
[debug] [2023-11-20T07:10:25.835Z] >>> [apiv2][query] GET https://serviceusage.googleapis.com/v1/projects/blogging-application-403805/services/firestore.googleapis.com [none]
[debug] [2023-11-20T07:10:25.835Z] >>> [apiv2][(partial)header] GET https://serviceusage.googleapis.com/v1/projects/blogging-application-403805/services/firestore.googleapis.com x-goog-quota-user=projects/blogging-application-403805
[debug] [2023-11-20T07:10:27.799Z] <<< [apiv2][status] GET https://serviceusage.googleapis.com/v1/projects/blogging-application-403805/services/firestore.googleapis.com 200
[debug] [2023-11-20T07:10:27.799Z] <<< [apiv2][body] GET https://serviceusage.googleapis.com/v1/projects/blogging-application-403805/services/firestore.googleapis.com [omitted]
[debug] [2023-11-20T07:10:27.799Z] >>> [apiv2][query] GET https://firestore.googleapis.com/v1/projects/blogging-application-403805/databases/(default) [none]
[debug] [2023-11-20T07:10:29.720Z] <<< [apiv2][status] GET https://firestore.googleapis.com/v1/projects/blogging-application-403805/databases/(default) 200
[debug] [2023-11-20T07:10:29.720Z] <<< [apiv2][body] GET https://firestore.googleapis.com/v1/projects/blogging-application-403805/databases/(default) {"name":"projects/blogging-application-403805/databases/(default)","uid":"66fe8591-e742-4852-aced-a0612e41ef9e","createTime":"2023-11-20T07:06:13.783438Z","updateTime":"2023-11-20T07:06:13.783438Z","locationId":"nam5","type":"FIRESTORE_NATIVE","concurrencyMode":"PESSIMISTIC","versionRetentionPeriod":"3600s","earliestVersionTime":"2023-11-20T07:06:13.783438Z","appEngineIntegrationMode":"DISABLED","keyPrefix":"s","pointInTimeRecoveryEnablement":"POINT_IN_TIME_RECOVERY_DISABLED","deleteProtectionState":"DELETE_PROTECTION_DISABLED","etag":"IOiGyPKC0oIDMI6v8fiB0oID"}
[debug] [2023-11-20T07:10:29.720Z] database_type: FIRESTORE_NATIVE
[debug] [2023-11-20T07:10:29.721Z] > command requires scopes: ["email","openid","https://www.googleapis.com/auth/cloudplatformprojects.readonly","https://www.googleapis.com/auth/firebase","https://www.googleapis.com/auth/cloud-platform"]
[debug] [2023-11-20T07:10:29.721Z] > authorizing via signed-in user (rupeshnagare07@gmail.com)
[debug] [2023-11-20T07:10:29.721Z] [iam] checking project blogging-application-403805 for permissions ["firebase.projects.get"]
[debug] [2023-11-20T07:10:29.721Z] >>> [apiv2][query] POST https://cloudresourcemanager.googleapis.com/v1/projects/blogging-application-403805:testIamPermissions [none]
[debug] [2023-11-20T07:10:29.721Z] >>> [apiv2][(partial)header] POST https://cloudresourcemanager.googleapis.com/v1/projects/blogging-application-403805:testIamPermissions x-goog-quota-user=projects/blogging-application-403805
[debug] [2023-11-20T07:10:29.721Z] >>> [apiv2][body] POST https://cloudresourcemanager.googleapis.com/v1/projects/blogging-application-403805:testIamPermissions {"permissions":["firebase.projects.get"]}
[debug] [2023-11-20T07:10:31.499Z] <<< [apiv2][status] POST https://cloudresourcemanager.googleapis.com/v1/projects/blogging-application-403805:testIamPermissions 200
[debug] [2023-11-20T07:10:31.499Z] <<< [apiv2][body] POST https://cloudresourcemanager.googleapis.com/v1/projects/blogging-application-403805:testIamPermissions {"permissions":["firebase.projects.get"]}
[info] 
[info] Firestore Security Rules allow you to define how and when to allow
[info] requests. You can keep these rules in your project directory
[info] and publish them with firebase deploy.
[info] 
[debug] [2023-11-20T07:10:36.839Z] >>> [apiv2][query] GET https://firebaserules.googleapis.com/v1/projects/blogging-application-403805/releases pageSize=10&pageToken=
[debug] [2023-11-20T07:10:42.672Z] <<< [apiv2][status] GET https://firebaserules.googleapis.com/v1/projects/blogging-application-403805/releases 200
[debug] [2023-11-20T07:10:42.672Z] <<< [apiv2][body] GET https://firebaserules.googleapis.com/v1/projects/blogging-application-403805/releases {"releases":[{"name":"projects/blogging-application-403805/releases/cloud.firestore","rulesetName":"projects/blogging-application-403805/rulesets/6071bddb-5d67-428c-95d3-d5dd3e3446c4","createTime":"2023-11-20T07:06:21.175573Z","updateTime":"2023-11-20T07:06:21.175573Z"}]}
[debug] [2023-11-20T07:10:42.672Z] Found ruleset: projects/blogging-application-403805/rulesets/6071bddb-5d67-428c-95d3-d5dd3e3446c4
[debug] [2023-11-20T07:10:42.673Z] >>> [apiv2][query] GET https://firebaserules.googleapis.com/v1/projects/blogging-application-403805/rulesets/6071bddb-5d67-428c-95d3-d5dd3e3446c4 [none]
[debug] [2023-11-20T07:10:43.127Z] <<< [apiv2][status] GET https://firebaserules.googleapis.com/v1/projects/blogging-application-403805/rulesets/6071bddb-5d67-428c-95d3-d5dd3e3446c4 200
[debug] [2023-11-20T07:10:43.127Z] <<< [apiv2][body] GET https://firebaserules.googleapis.com/v1/projects/blogging-application-403805/rulesets/6071bddb-5d67-428c-95d3-d5dd3e3446c4 [omitted]
[info] 
[info] Firestore indexes allow you to perform complex queries while
[info] maintaining performance that scales with the size of the result
[info] set. You can keep index definitions in your project directory
[info] and publish them with firebase deploy.
[info] 
[debug] [2023-11-20T07:10:48.118Z] >>> [apiv2][query] GET https://firestore.googleapis.com/v1/projects/blogging-application-403805/databases/(default)/collectionGroups/-/indexes [none]
[debug] [2023-11-20T07:10:48.120Z] >>> [apiv2][query] GET https://firestore.googleapis.com/v1/projects/blogging-application-403805/databases/(default)/collectionGroups/-/fields?filter=indexConfig.usesAncestorConfig=false OR ttlConfig:* [none]
[debug] [2023-11-20T07:10:49.348Z] <<< [apiv2][status] GET https://firestore.googleapis.com/v1/projects/blogging-application-403805/databases/(default)/collectionGroups/-/fields?filter=indexConfig.usesAncestorConfig=false OR ttlConfig:* 200
[debug] [2023-11-20T07:10:49.349Z] <<< [apiv2][body] GET https://firestore.googleapis.com/v1/projects/blogging-application-403805/databases/(default)/collectionGroups/-/fields?filter=indexConfig.usesAncestorConfig=false OR ttlConfig:* {"fields":[{"name":"projects/blogging-application-403805/databases/(default)/collectionGroups/__default__/fields/*","indexConfig":{"indexes":[{"queryScope":"COLLECTION","fields":[{"fieldPath":"*","order":"ASCENDING"}],"state":"READY"},{"queryScope":"COLLECTION","fields":[{"fieldPath":"*","order":"DESCENDING"}],"state":"READY"},{"queryScope":"COLLECTION","fields":[{"fieldPath":"*","arrayConfig":"CONTAINS"}],"state":"READY"}]}}]}
[debug] [2023-11-20T07:10:49.991Z] <<< [apiv2][status] GET https://firestore.googleapis.com/v1/projects/blogging-application-403805/databases/(default)/collectionGroups/-/indexes 200
[debug] [2023-11-20T07:10:49.991Z] <<< [apiv2][body] GET https://firestore.googleapis.com/v1/projects/blogging-application-403805/databases/(default)/collectionGroups/-/indexes {}
[info] 
=== Functions Setup
[debug] [2023-11-20T07:10:49.993Z] > command requires scopes: ["email","openid","https://www.googleapis.com/auth/cloudplatformprojects.readonly","https://www.googleapis.com/auth/firebase","https://www.googleapis.com/auth/cloud-platform"]
[debug] [2023-11-20T07:10:49.993Z] > authorizing via signed-in user (rupeshnagare07@gmail.com)
[debug] [2023-11-20T07:10:49.993Z] [iam] checking project blogging-application-403805 for permissions ["firebase.projects.get"]
[debug] [2023-11-20T07:10:49.993Z] >>> [apiv2][query] POST https://cloudresourcemanager.googleapis.com/v1/projects/blogging-application-403805:testIamPermissions [none]
[debug] [2023-11-20T07:10:49.993Z] >>> [apiv2][(partial)header] POST https://cloudresourcemanager.googleapis.com/v1/projects/blogging-application-403805:testIamPermissions x-goog-quota-user=projects/blogging-application-403805
[debug] [2023-11-20T07:10:49.993Z] >>> [apiv2][body] POST https://cloudresourcemanager.googleapis.com/v1/projects/blogging-application-403805:testIamPermissions {"permissions":["firebase.projects.get"]}
[debug] [2023-11-20T07:10:51.584Z] <<< [apiv2][status] POST https://cloudresourcemanager.googleapis.com/v1/projects/blogging-application-403805:testIamPermissions 200
[debug] [2023-11-20T07:10:51.584Z] <<< [apiv2][body] POST https://cloudresourcemanager.googleapis.com/v1/projects/blogging-application-403805:testIamPermissions {"permissions":["firebase.projects.get"]}
[debug] [2023-11-20T07:10:51.585Z] >>> [apiv2][query] GET https://serviceusage.googleapis.com/v1/projects/blogging-application-403805/services/cloudfunctions.googleapis.com [none]
[debug] [2023-11-20T07:10:51.586Z] >>> [apiv2][(partial)header] GET https://serviceusage.googleapis.com/v1/projects/blogging-application-403805/services/cloudfunctions.googleapis.com x-goog-quota-user=projects/blogging-application-403805
[debug] [2023-11-20T07:10:51.587Z] >>> [apiv2][query] GET https://serviceusage.googleapis.com/v1/projects/blogging-application-403805/services/runtimeconfig.googleapis.com [none]
[debug] [2023-11-20T07:10:51.587Z] >>> [apiv2][(partial)header] GET https://serviceusage.googleapis.com/v1/projects/blogging-application-403805/services/runtimeconfig.googleapis.com x-goog-quota-user=projects/blogging-application-403805
[debug] [2023-11-20T07:10:53.450Z] <<< [apiv2][status] GET https://serviceusage.googleapis.com/v1/projects/blogging-application-403805/services/runtimeconfig.googleapis.com 200
[debug] [2023-11-20T07:10:53.450Z] <<< [apiv2][body] GET https://serviceusage.googleapis.com/v1/projects/blogging-application-403805/services/runtimeconfig.googleapis.com [omitted]
[debug] [2023-11-20T07:10:53.525Z] <<< [apiv2][status] GET https://serviceusage.googleapis.com/v1/projects/blogging-application-403805/services/cloudfunctions.googleapis.com 200
[debug] [2023-11-20T07:10:53.525Z] <<< [apiv2][body] GET https://serviceusage.googleapis.com/v1/projects/blogging-application-403805/services/cloudfunctions.googleapis.com [omitted]
[debug] [2023-11-20T07:10:53.526Z] >>> [apiv2][query] POST https://serviceusage.googleapis.com/v1/projects/blogging-application-403805/services/cloudfunctions.googleapis.com:enable [none]
[debug] [2023-11-20T07:10:53.526Z] >>> [apiv2][(partial)header] POST https://serviceusage.googleapis.com/v1/projects/blogging-application-403805/services/cloudfunctions.googleapis.com:enable x-goog-quota-user=projects/blogging-application-403805
[debug] [2023-11-20T07:10:55.599Z] <<< [apiv2][status] POST https://serviceusage.googleapis.com/v1/projects/blogging-application-403805/services/cloudfunctions.googleapis.com:enable 200
[debug] [2023-11-20T07:10:55.599Z] <<< [apiv2][body] POST https://serviceusage.googleapis.com/v1/projects/blogging-application-403805/services/cloudfunctions.googleapis.com:enable [omitted]
[debug] [2023-11-20T07:11:05.614Z] >>> [apiv2][query] GET https://serviceusage.googleapis.com/v1/projects/blogging-application-403805/services/cloudfunctions.googleapis.com [none]
[debug] [2023-11-20T07:11:05.615Z] >>> [apiv2][(partial)header] GET https://serviceusage.googleapis.com/v1/projects/blogging-application-403805/services/cloudfunctions.googleapis.com x-goog-quota-user=projects/blogging-application-403805
[debug] [2023-11-20T07:11:07.617Z] <<< [apiv2][status] GET https://serviceusage.googleapis.com/v1/projects/blogging-application-403805/services/cloudfunctions.googleapis.com 200
[debug] [2023-11-20T07:11:07.618Z] <<< [apiv2][body] GET https://serviceusage.googleapis.com/v1/projects/blogging-application-403805/services/cloudfunctions.googleapis.com [omitted]
[info] Let's create a new codebase for your functions.
[info] A directory corresponding to the codebase will be created in your project
[info] with sample code pre-configured.

[info] See https://firebase.google.com/docs/functions/organize-functions for
[info] more information on organizing your functions using codebases.

[info] Functions can be deployed with firebase deploy.

[info] +  Wrote functions/package.json 
[info] +  Wrote functions/index.js 
[info] +  Wrote functions/.gitignore 
[info] 
=== Hosting Setup
[debug] [2023-11-20T07:12:21.617Z] >>> [apiv2][query] GET https://firebase.googleapis.com/v1beta1/projects/blogging-application-403805 [none]
[debug] [2023-11-20T07:12:22.223Z] <<< [apiv2][status] GET https://firebase.googleapis.com/v1beta1/projects/blogging-application-403805 200
[debug] [2023-11-20T07:12:22.223Z] <<< [apiv2][body] GET https://firebase.googleapis.com/v1beta1/projects/blogging-application-403805 {"projectId":"blogging-application-403805","projectNumber":"670627714222","displayName":"Blogging Application","name":"projects/blogging-application-403805","resources":{"hostingSite":"blogging-application-403805","realtimeDatabaseInstance":"blogging-application-403805-default-rtdb"},"state":"ACTIVE","etag":"1_a0b68a41-f9cb-4196-86a3-780ead01cfbf"}
[info] 
[info] Your public directory is the folder (relative to your project directory) that
[info] will contain Hosting assets to be uploaded with firebase deploy. If you
[info] have a build process for your assets, use your build's output directory.
[info] 
[info] +  Wrote y/404.html 
[debug] [2023-11-20T07:12:53.219Z] >>> [apiv2][query] GET https://www.gstatic.com/firebasejs/releases.json [none]
[debug] [2023-11-20T07:12:53.534Z] <<< [apiv2][status] GET https://www.gstatic.com/firebasejs/releases.json 200
[debug] [2023-11-20T07:12:53.534Z] <<< [apiv2][body] GET https://www.gstatic.com/firebasejs/releases.json {"current":{"version":"10.6.0","browserURL":"https://www.gstatic.com/firebasejs/10.6.0/firebase.js","packageURL":"https://www.gstatic.com/firebasejs/10.6.0/firebase.tgz"},"live":{"version":"10.6","browserURL":"https://www.gstatic.com/firebasejs/live/10.6/firebase.js","packageURL":"https://www.gstatic.com/firebasejs/live/10.6/firebase.tgz"},"components":{"analytics":"https://www.gstatic.com/firebasejs/10.6.0/firebase-analytics.js","app":"https://www.gstatic.com/firebasejs/10.6.0/firebase-app.js","app-check":"https://www.gstatic.com/firebasejs/10.6.0/firebase-app-check.js","auth":"https://www.gstatic.com/firebasejs/10.6.0/firebase-auth.js","auth/cordova":"https://www.gstatic.com/firebasejs/10.6.0/firebase-auth/cordova.js","functions":"https://www.gstatic.com/firebasejs/10.6.0/firebase-functions.js","firestore":"https://www.gstatic.com/firebasejs/10.6.0/firebase-firestore.js","firestore/lite":"https://www.gstatic.com/firebasejs/10.6.0/firebase-firestore/lite.js","installations":"https://www.gstatic.com/firebasejs/10.6.0/firebase-installations.js","storage":"https://www.gstatic.com/firebasejs/10.6.0/firebase-storage.js","performance":"https://www.gstatic.com/firebasejs/10.6.0/firebase-performance.js","remote-config":"https://www.gstatic.com/firebasejs/10.6.0/firebase-remote-config.js","messaging":"https://www.gstatic.com/firebasejs/10.6.0/firebase-messaging.js","messaging/sw":"https://www.gstatic.com/firebasejs/10.6.0/firebase-messaging/sw.js","database":"https://www.gstatic.com/firebasejs/10.6.0/firebase-database.js","firestore.memory":"https://www.gstatic.com/firebasejs/10.6.0/firebase-firestore.memory.js"}}
[info] +  Wrote y/index.html 
[info] 
[info] i  Didn't detect a .git folder. Assuming C:\workSpace\BloggingApp is the project root. 
[info] i  Authorizing with GitHub to upload your service account to a GitHub repository's secrets store. 
[info] 
[info] Visit this URL on this device to log in:
[info] https://github.com/login/oauth/authorize?client_id=89cf50f02ac6aaed3484&state=661967079&redirect_uri=http%3A%2F%2Flocalhost%3A9005&scope=read%3Auser%20repo%20public_repo
[info] 
[info] Waiting for authentication...
[debug] [2023-11-20T07:16:04.840Z] >>> [apiv2][query] POST https://github.com/login/oauth/access_token [none]
[debug] [2023-11-20T07:16:04.840Z] >>> [apiv2][body] POST https://github.com/login/oauth/access_token [stream]
[debug] [2023-11-20T07:16:05.413Z] <<< [apiv2][status] POST https://github.com/login/oauth/access_token 200
[debug] [2023-11-20T07:16:05.414Z] <<< [apiv2][body] POST https://github.com/login/oauth/access_token {"access_token":"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","token_type":"bearer","scope":"read:user,repo"}
[debug] [2023-11-20T07:16:05.423Z] >>> [apiv2][query] GET https://api.github.com/user [none]
[debug] [2023-11-20T07:16:05.987Z] <<< [apiv2][status] GET https://api.github.com/user 200
[debug] [2023-11-20T07:16:05.987Z] <<< [apiv2][body] GET https://api.github.com/user {"login":"rupeshnagare07-git","id":151505005,"node_id":"U_kgDOCQfIbQ","avatar_url":"https://avatars.githubusercontent.com/u/151505005?v=4","gravatar_id":"","url":"https://api.github.com/users/rupeshnagare07-git","html_url":"https://github.com/rupeshnagare07-git","followers_url":"https://api.github.com/users/rupeshnagare07-git/followers","following_url":"https://api.github.com/users/rupeshnagare07-git/following{/other_user}","gists_url":"https://api.github.com/users/rupeshnagare07-git/gists{/gist_id}","starred_url":"https://api.github.com/users/rupeshnagare07-git/starred{/owner}{/repo}","subscriptions_url":"https://api.github.com/users/rupeshnagare07-git/subscriptions","organizations_url":"https://api.github.com/users/rupeshnagare07-git/orgs","repos_url":"https://api.github.com/users/rupeshnagare07-git/repos","events_url":"https://api.github.com/users/rupeshnagare07-git/events{/privacy}","received_events_url":"https://api.github.com/users/rupeshnagare07-git/received_events","type":"User","site_admin":false,"name":null,"company":null,"blog":"","location":null,"email":null,"hireable":null,"bio":null,"twitter_username":null,"public_repos":0,"public_gists":0,"followers":0,"following":0,"created_at":"2023-11-20T07:14:45Z","updated_at":"2023-11-20T07:14:45Z","private_gists":0,"total_private_repos":0,"owned_private_repos":0,"disk_usage":0,"collaborators":0,"two_factor_authentication":false,"plan":{"name":"free","space":976562499,"collaborators":0,"private_repos":10000}}
[info] 
[info] +  Success! Logged into GitHub as rupeshnagare07-git 
[info] 
[debug] [2023-11-20T07:16:25.714Z] >>> [apiv2][query] GET https://api.github.com/repos//actions/secrets/public-key type=owner
[debug] [2023-11-20T07:16:26.232Z] <<< [apiv2][status] GET https://api.github.com/repos//actions/secrets/public-key 404
[debug] [2023-11-20T07:16:26.232Z] <<< [apiv2][body] GET https://api.github.com/repos//actions/secrets/public-key {"message":"Not Found","documentation_url":"https://docs.github.com/rest"}
[info] 
[info] 
[error] !  The provided authorization cannot be used with this repository. If this repository is in an organization, did you remember to grant access? 
[info] 
[info] i  Action required: Visit this URL to ensure access has been granted to the appropriate organization(s) for the Firebase CLI GitHub OAuth App: 
[info] https://github.com/settings/connections/applications/89cf50f02ac6aaed3484
[info] 
[debug] [2023-11-20T07:16:45.955Z] >>> [apiv2][query] GET https://api.github.com/repos/y/actions/secrets/public-key type=owner
[debug] [2023-11-20T07:16:46.431Z] <<< [apiv2][status] GET https://api.github.com/repos/y/actions/secrets/public-key 404
[debug] [2023-11-20T07:16:46.431Z] <<< [apiv2][body] GET https://api.github.com/repos/y/actions/secrets/public-key {"message":"Not Found","documentation_url":"https://docs.github.com/rest"}
[info] 
[info] 
[error] !  The provided authorization cannot be used with this repository. If this repository is in an organization, did you remember to grant access? 
[info] 
[info] i  Action required: Visit this URL to ensure access has been granted to the appropriate organization(s) for the Firebase CLI GitHub OAuth App: 
[info] https://github.com/settings/connections/applications/89cf50f02ac6aaed3484
[info] 
[debug] [2023-11-20T07:17:28.943Z] >>> [apiv2][query] GET https://api.github.com/repos/y/actions/secrets/public-key type=owner
[debug] [2023-11-20T07:17:29.435Z] <<< [apiv2][status] GET https://api.github.com/repos/y/actions/secrets/public-key 404
[debug] [2023-11-20T07:17:29.435Z] <<< [apiv2][body] GET https://api.github.com/repos/y/actions/secrets/public-key {"message":"Not Found","documentation_url":"https://docs.github.com/rest"}
[info] 
[info] 
[error] !  The provided authorization cannot be used with this repository. If this repository is in an organization, did you remember to grant access? 
[info] 
[info] i  Action required: Visit this URL to ensure access has been granted to the appropriate organization(s) for the Firebase CLI GitHub OAuth App: 
[info] https://github.com/settings/connections/applications/89cf50f02ac6aaed3484
[info] 
[debug] [2023-11-20T07:26:36.057Z] >>> [apiv2][query] GET https://api.github.com/repos/y/actions/secrets/public-key type=owner
[debug] [2023-11-20T07:26:40.396Z] <<< [apiv2][status] GET https://api.github.com/repos/y/actions/secrets/public-key 404
[debug] [2023-11-20T07:26:40.396Z] <<< [apiv2][body] GET https://api.github.com/repos/y/actions/secrets/public-key {"message":"Not Found","documentation_url":"https://docs.github.com/rest"}
[info] 
[info] 
[error] !  The provided authorization cannot be used with this repository. If this repository is in an organization, did you remember to grant access? 
[info] 
[info] i  Action required: Visit this URL to ensure access has been granted to the appropriate organization(s) for the Firebase CLI GitHub OAuth App: 
[info] https://github.com/settings/connections/applications/89cf50f02ac6aaed3484
[info] 
[debug] [2023-11-20T07:26:40.409Z] >>> [apiv2][query] GET https://api.github.com/repos/y/actions/secrets/public-key type=owner
[debug] [2023-11-20T07:26:40.940Z] <<< [apiv2][status] GET https://api.github.com/repos/y/actions/secrets/public-key 404
[debug] [2023-11-20T07:26:40.940Z] <<< [apiv2][body] GET https://api.github.com/repos/y/actions/secrets/public-key {"message":"Not Found","documentation_url":"https://docs.github.com/rest"}
[info] 
[info] 
[error] !  The provided authorization cannot be used with this repository. If this repository is in an organization, did you remember to grant access? 
[info] 
[info] i  Action required: Visit this URL to ensure access has been granted to the appropriate organization(s) for the Firebase CLI GitHub OAuth App: 
[info] https://github.com/settings/connections/applications/89cf50f02ac6aaed3484
[info] 
